# JRE version: Java(TM) SE Runtime Environment (8.0_25-b18) (build 1.8.0_25-b18)
# Java VM: Java HotSpot(TM) Client VM (25.25-b02 mixed mode windows-x86 )
Heap:
 def new generation   total 83008K, used 1944K [0x03c00000, 0x09610000, 0x0e6a0000)
  eden space 73792K,   2% used [0x03c00000, 0x03de61e0, 0x08410000)
  from space 9216K,   0% used [0x08d10000, 0x08d10000, 0x09610000)
  to   space 9216K,   0% used [0x08410000, 0x08410000, 0x08d10000)
 tenured generation   total 184180K, used 86288K [0x0e6a0000, 0x19a7d000, 0x23c00000)
   the space 184180K,  46% used [0x0e6a0000, 0x13ae42b0, 0x0f05f200, 0x19a7d000)
 Metaspace       used 19897K, capacity 20085K, committed 20736K, reserved 20864K
GC Heap History (10 events):
Event: 602.813 GC heap after
Heap after GC invocations=55 (full 8):
 def new generation   total 83008K, used 9216K [0x03c00000, 0x09610000, 0x0e6a0000)
  eden space 73792K,   0% used [0x03c00000, 0x03c00000, 0x08410000)
  from space 9216K, 100% used [0x08d10000, 0x09610000, 0x09610000)
  to   space 9216K,   0% used [0x08410000, 0x08410000, 0x08d10000)
 tenured generation   total 184180K, used 138650K [0x0e6a0000, 0x19a7d000, 0x23c00000)
   the space 184180K,  75% used [0x0e6a0000, 0x16e06ae8, 0x16e06c00, 0x19a7d000)
 Metaspace       used 19928K, capacity 20221K, committed 20352K, reserved 20864K
}
Event: 603.077 GC heap before
{Heap before GC invocations=55 (full 8):
 def new generation   total 83008K, used 82613K [0x03c00000, 0x09610000, 0x0e6a0000)
  eden space 73792K,  99% used [0x03c00000, 0x083ad7b0, 0x08410000)
  from space 9216K, 100% used [0x08d10000, 0x09610000, 0x09610000)
  to   space 9216K,   0% used [0x08410000, 0x08410000, 0x08d10000)
 tenured generation   total 184180K, used 138650K [0x0e6a0000, 0x19a7d000, 0x23c00000)
   the space 184180K,  75% used [0x0e6a0000, 0x16e06ae8, 0x16e06c00, 0x19a7d000)
 Metaspace       used 19993K, capacity 20285K, committed 20352K, reserved 20864K
Event: 603.115 GC heap after
Heap after GC invocations=56 (full 8):
 def new generation   total 83008K, used 7434K [0x03c00000, 0x09610000, 0x0e6a0000)
  eden space 73792K,   0% used [0x03c00000, 0x03c00000, 0x08410000)
  from space 9216K,  80% used [0x08410000, 0x08b52890, 0x08d10000)
  to   space 9216K,   0% used [0x08d10000, 0x08d10000, 0x09610000)
 tenured generation   total 184180K, used 156046K [0x0e6a0000, 0x19a7d000, 0x23c00000)
   the space 184180K,  84% used [0x0e6a0000, 0x17f03a08, 0x17f03c00, 0x19a7d000)
 Metaspace       used 19993K, capacity 20285K, committed 20352K, reserved 20864K
}
Event: 604.738 GC heap before
{Heap before GC invocations=56 (full 8):
 def new generation   total 83008K, used 81226K [0x03c00000, 0x09610000, 0x0e6a0000)
  eden space 73792K, 100% used [0x03c00000, 0x08410000, 0x08410000)
  from space 9216K,  80% used [0x08410000, 0x08b52890, 0x08d10000)
  to   space 9216K,   0% used [0x08d10000, 0x08d10000, 0x09610000)
 tenured generation   total 184180K, used 156046K [0x0e6a0000, 0x19a7d000, 0x23c00000)
   the space 184180K,  84% used [0x0e6a0000, 0x17f03a08, 0x17f03c00, 0x19a7d000)
 Metaspace       used 20166K, capacity 20480K, committed 20608K, reserved 20864K
Event: 604.748 GC heap after
Heap after GC invocations=57 (full 8):
 def new generation   total 83008K, used 619K [0x03c00000, 0x09610000, 0x0e6a0000)
  eden space 73792K,   0% used [0x03c00000, 0x03c00000, 0x08410000)
  from space 9216K,   6% used [0x08d10000, 0x08daaeb8, 0x09610000)
  to   space 9216K,   0% used [0x08410000, 0x08410000, 0x08d10000)
 tenured generation   total 184180K, used 156391K [0x0e6a0000, 0x19a7d000, 0x23c00000)
   the space 184180K,  84% used [0x0e6a0000, 0x17f59ee0, 0x17f5a000, 0x19a7d000)
 Metaspace       used 20166K, capacity 20480K, committed 20608K, reserved 20864K
}
Event: 4202.254 GC heap before
{Heap before GC invocations=57 (full 8):
 def new generation   total 83008K, used 4332K [0x03c00000, 0x09610000, 0x0e6a0000)
  eden space 73792K,   5% used [0x03c00000, 0x03fa0500, 0x08410000)
  from space 9216K,   6% used [0x08d10000, 0x08daaeb8, 0x09610000)
  to   space 9216K,   0% used [0x08410000, 0x08410000, 0x08d10000)
 tenured generation   total 184180K, used 156391K [0x0e6a0000, 0x19a7d000, 0x23c00000)
   the space 184180K,  84% used [0x0e6a0000, 0x17f59ee0, 0x17f5a000, 0x19a7d000)
 Metaspace       used 20292K, capacity 20608K, committed 20736K, reserved 20864K
Event: 4202.694 GC heap after
Heap after GC invocations=58 (full 9):
 def new generation   total 83008K, used 0K [0x03c00000, 0x09610000, 0x0e6a0000)
  eden space 73792K,   0% used [0x03c00000, 0x03c00000, 0x08410000)
  from space 9216K,   0% used [0x08d10000, 0x08d10000, 0x09610000)
  to   space 9216K,   0% used [0x08410000, 0x08410000, 0x08d10000)
 tenured generation   total 184180K, used 87106K [0x0e6a0000, 0x19a7d000, 0x23c00000)
   the space 184180K,  47% used [0x0e6a0000, 0x13bb0b48, 0x13bb0c00, 0x19a7d000)
 Metaspace       used 20292K, capacity 20608K, committed 20736K, reserved 20864K
}
Event: 7803.623 GC heap before
{Heap before GC invocations=58 (full 9):
 def new generation   total 83008K, used 2473K [0x03c00000, 0x09610000, 0x0e6a0000)
  eden space 73792K,   3% used [0x03c00000, 0x03e6a540, 0x08410000)
  from space 9216K,   0% used [0x08d10000, 0x08d10000, 0x09610000)
  to   space 9216K,   0% used [0x08410000, 0x08410000, 0x08d10000)
 tenured generation   total 184180K, used 87106K [0x0e6a0000, 0x19a7d000, 0x23c00000)
   the space 184180K,  47% used [0x0e6a0000, 0x13bb0b48, 0x13bb0c00, 0x19a7d000)
 Metaspace       used 20292K, capacity 20608K, committed 20736K, reserved 20864K
Event: 7827.214 GC heap after
Heap after GC invocations=59 (full 10):
 def new generation   total 83008K, used 0K [0x03c00000, 0x09610000, 0x0e6a0000)
  eden space 73792K,   0% used [0x03c00000, 0x03c00000, 0x08410000)
  from space 9216K,   0% used [0x08d10000, 0x08d10000, 0x09610000)
  to   space 9216K,   0% used [0x08410000, 0x08410000, 0x08d10000)
 tenured generation   total 184180K, used 86288K [0x0e6a0000, 0x19a7d000, 0x23c00000)
   the space 184180K,  46% used [0x0e6a0000, 0x13ae42b0, 0x13ae4400, 0x19a7d000)
 Metaspace       used 19897K, capacity 20085K, committed 20736K, reserved 20864K
}
Event: 19349.136 GC heap before
{Heap before GC invocations=59 (full 10):
 def new generation   total 83008K, used 1944K [0x03c00000, 0x09610000, 0x0e6a0000)
  eden space 73792K,   2% used [0x03c00000, 0x03de61e0, 0x08410000)
  from space 9216K,   0% used [0x08d10000, 0x08d10000, 0x09610000)
  to   space 9216K,   0% used [0x08410000, 0x08410000, 0x08d10000)
 tenured generation   total 184180K, used 86288K [0x0e6a0000, 0x19a7d000, 0x23c00000)
   the space 184180K,  46% used [0x0e6a0000, 0x13ae42b0, 0x13ae4400, 0x19a7d000)
 Metaspace       used 19897K, capacity 20085K, committed 20736K, reserved 20864K

